[2025-12-02 21:56:26] Daemon started.
[2025-12-02 21:56:26] Watcher active.
[2025-12-02 21:56:27] Daemon stable.
[2025-12-02 21:56:27] Change detected – starting deploy.
[2025-12-02 21:56:27] Build started.
[2025-12-02 21:56:29] Build success.
[2025-12-02 21:56:30] Deploy complete.
[2025-12-02 21:56:32] Change detected – starting deploy.
[2025-12-02 21:56:32] Build started.
[2025-12-02 21:56:35] Build success.
[2025-12-02 21:56:36] Deploy complete.
[2025-12-02 21:56:38] Change detected – starting deploy.
[2025-12-02 21:56:38] Build started.
[2025-12-02 21:56:40] Build success.
[2025-12-02 21:56:42] Deploy complete.
[2025-12-02 21:56:44] Change detected – starting deploy.
[2025-12-02 21:56:44] Build started.
[2025-12-02 21:56:46] Build success.
[2025-12-02 21:56:47] Deploy complete.
[2025-12-02 21:56:49] Change detected – starting deploy.
[2025-12-02 21:56:49] Build started.
[2025-12-02 21:56:52] Build success.
[2025-12-02 21:56:53] Deploy complete.
[2025-12-02 21:56:55] Change detected – starting deploy.
[2025-12-02 21:56:55] Build started.
[2025-12-02 21:56:57] Build success.
[2025-12-02 21:56:59] Deploy complete.
[2025-12-02 21:57:01] Change detected – starting deploy.
[2025-12-02 21:57:01] Build started.
[2025-12-02 21:57:03] Build success.
[2025-12-02 21:57:04] Deploy complete.
[2025-12-02 21:57:06] Change detected – starting deploy.
[2025-12-02 21:57:06] Build started.
[2025-12-02 21:57:08] Build success.
[2025-12-02 21:57:10] Deploy complete.
[2025-12-02 21:57:12] Change detected – starting deploy.
[2025-12-02 21:57:12] Build started.
[2025-12-02 21:57:14] Build success.
[2025-12-02 21:57:15] Deploy complete.
[2025-12-02 21:57:17] Change detected – starting deploy.
[2025-12-02 21:57:17] Build started.
[2025-12-02 21:57:20] Build success.
[2025-12-02 21:57:21] Deploy complete.
[2025-12-02 21:57:23] Change detected – starting deploy.
[2025-12-02 21:57:23] Build started.
[2025-12-02 21:57:26] Build success.
[2025-12-02 21:57:27] Deploy complete.
[2025-12-02 21:57:29] Change detected – starting deploy.
[2025-12-02 21:57:29] Build started.
[2025-12-02 21:57:31] Build success.
[2025-12-02 21:57:33] Deploy complete.
[2025-12-02 21:57:35] Change detected – starting deploy.
[2025-12-02 21:57:35] Build started.
[2025-12-02 21:57:37] Build success.
